running on environment: "cpom"
Traceback (most recent call last):
  File "/home/cb/sis2/train.py", line 34, in <module>
    import tensorflow as tf
ModuleNotFoundError: No module named 'tensorflow'
2023-07-03 00:57:50.970069: I tensorflow/core/platform/cpu_feature_guard.cc:193] This TensorFlow binary is optimized with oneAPI Deep Neural Network Library (oneDNN) to use the following CPU instructions in performance-critical operations:  SSE4.1 SSE4.2 AVX AVX2 AVX512F AVX512_VNNI FMA
To enable them in other operations, rebuild TensorFlow with the appropriate compiler flags.
2023-07-03 00:57:51.062709: I tensorflow/core/util/port.cc:104] oneDNN custom operations are on. You may see slightly different numerical results due to floating-point round-off errors from different computation orders. To turn them off, set the environment variable `TF_ENABLE_ONEDNN_OPTS=0`.
2023-07-03 00:57:53.012456: I tensorflow/core/platform/cpu_feature_guard.cc:193] This TensorFlow binary is optimized with oneAPI Deep Neural Network Library (oneDNN) to use the following CPU instructions in performance-critical operations:  SSE4.1 SSE4.2 AVX AVX2 AVX512F AVX512_VNNI FMA
To enable them in other operations, rebuild TensorFlow with the appropriate compiler flags.
2023-07-03 00:57:54.147712: I tensorflow/core/grappler/optimizers/data/replicate_on_split.cc:32] Running replicate on split optimization
running on environment: "cpom"
Num GPUs Available:  0
TensorFlow is not using GPU
Step: 0k
.Time taken for 1000 steps: 22.37 sec

Step: 0k
.Time taken for 1000 steps: 14.13 sec

Step: 0k
.Time taken for 1000 steps: 14.37 sec

Step: 0k
.Time taken for 1000 steps: 14.92 sec

Step: 0k
.Time taken for 1000 steps: 14.92 sec

Step: 0k
.